<?xml version="1.0" encoding="UTF-8"?>
<!-- Generated by org.testng.reporters.JUnitReportReporter -->
<testsuite ignored="0" hostname="DESKTOP-KTVBR9J" failures="0" tests="1" name="testCases_Search.TC_01_SearchDress" time="2.321" errors="0" timestamp="08 mar 2023 22:46:38 GMT" skipped="0">
  <testcase classname="testCases_Search.TC_01_SearchDress" name="TC_01" time="2.321"/>
</testsuite> <!-- testCases_Search.TC_01_SearchDress -->
