<?xml version="1.0" encoding="UTF-8"?>
<!-- Generated by org.testng.reporters.JUnitReportReporter -->
<testsuite ignored="0" hostname="DESKTOP-KTVBR9J" failures="0" tests="1" name="prueba.CasoRealTestHardAssert" time="6.590" errors="0" timestamp="06 mar 2023 16:29:29 GMT" skipped="0">
  <testcase classname="prueba.CasoRealTestHardAssert" name="verificarTituloDePagina" time="6.590"/>
</testsuite> <!-- prueba.CasoRealTestHardAssert -->
