<?xml version="1.0" encoding="UTF-8"?>
<!-- Generated by org.testng.reporters.JUnitReportReporter -->
<testsuite ignored="0" hostname="DESKTOP-KTVBR9J" failures="0" tests="1" name="testCases_Search.TC_04_SearchJSON" time="4.253" errors="0" timestamp="03 abr 2023 16:08:13 GMT" skipped="0">
  <testcase classname="testCases_Search.TC_04_SearchJSON" name="TC_04" time="4.253"/>
</testsuite> <!-- testCases_Search.TC_04_SearchJSON -->
