<?xml version="1.0" encoding="UTF-8"?>
<!-- Generated by org.testng.reporters.JUnitReportReporter -->
<testsuite ignored="0" hostname="DESKTOP-KTVBR9J" failures="0" tests="1" name="prueba.CasoRealSoftAssert" time="8.367" errors="0" timestamp="06 mar 2023 17:19:54 GMT" skipped="0">
  <testcase classname="prueba.CasoRealSoftAssert" name="test1" time="8.367"/>
</testsuite> <!-- prueba.CasoRealSoftAssert -->
