<?xml version="1.0" encoding="UTF-8"?>
<!-- Generated by org.testng.reporters.JUnitReportReporter -->
<testsuite ignored="0" hostname="DESKTOP-KTVBR9J" failures="0" tests="1" name="prueba.NewTestSel" time="2.439" errors="0" timestamp="11 ene 2023 19:19:25 GMT" skipped="0">
  <testcase classname="prueba.NewTestSel" name="f" time="2.439"/>
</testsuite> <!-- prueba.NewTestSel -->
