<?xml version="1.0" encoding="UTF-8"?>
<!-- Generated by org.testng.reporters.JUnitReportReporter -->
<testsuite ignored="0" hostname="DESKTOP-KTVBR9J" failures="0" tests="1" name="testCases_Search.TC_03_Login" time="4.063" errors="0" timestamp="28 mar 2023 15:04:44 GMT" skipped="0">
  <testcase classname="testCases_Search.TC_03_Login" name="TC_03" time="4.063"/>
</testsuite> <!-- testCases_Search.TC_03_Login -->
