<?xml version="1.0" encoding="UTF-8"?>
<!-- Generated by org.testng.reporters.JUnitReportReporter -->
<testsuite ignored="0" hostname="DESKTOP-KTVBR9J" failures="0" tests="1" name="testCases_Search.TC_05_SearchExcel" time="1.869" errors="0" timestamp="04 abr 2023 15:45:38 GMT" skipped="0">
  <testcase classname="testCases_Search.TC_05_SearchExcel" name="TC_04" time="1.869"/>
</testsuite> <!-- testCases_Search.TC_05_SearchExcel -->
